<?xml version="1.0" encoding="UTF-8"?>
<!-- Generated by org.testng.reporters.JUnitReportReporter -->
<testsuite hostname="DESKTOP-PQ0QNSP" failures="0" tests="10" name="advanceSelenium.AdvanceSeleniumProject.RepeatTestMultipleTimes" time="0.019" errors="0" timestamp="2021-09-17T17:13:44 SGT" skipped="0">
  <testcase classname="advanceSelenium.AdvanceSeleniumProject.RepeatTestMultipleTimes" name="sum" time="0.002"/>
  <system-out/>
  <testcase classname="advanceSelenium.AdvanceSeleniumProject.RepeatTestMultipleTimes" name="sum" time="0.008"/>
  <system-out/>
  <testcase classname="advanceSelenium.AdvanceSeleniumProject.RepeatTestMultipleTimes" name="sum" time="0.001"/>
  <system-out/>
  <testcase classname="advanceSelenium.AdvanceSeleniumProject.RepeatTestMultipleTimes" name="sum" time="0.001"/>
  <system-out/>
  <testcase classname="advanceSelenium.AdvanceSeleniumProject.RepeatTestMultipleTimes" name="sum" time="0.001"/>
  <system-out/>
  <testcase classname="advanceSelenium.AdvanceSeleniumProject.RepeatTestMultipleTimes" name="sum" time="0.001"/>
  <system-out/>
  <testcase classname="advanceSelenium.AdvanceSeleniumProject.RepeatTestMultipleTimes" name="sum" time="0.001"/>
  <system-out/>
  <testcase classname="advanceSelenium.AdvanceSeleniumProject.RepeatTestMultipleTimes" name="sum" time="0.001"/>
  <system-out/>
  <testcase classname="advanceSelenium.AdvanceSeleniumProject.RepeatTestMultipleTimes" name="sum" time="0.001"/>
  <system-out/>
  <testcase classname="advanceSelenium.AdvanceSeleniumProject.RepeatTestMultipleTimes" name="sum" time="0.002"/>
  <system-out/>
</testsuite> <!-- advanceSelenium.AdvanceSeleniumProject.RepeatTestMultipleTimes -->
