<?xml version="1.0" encoding="UTF-8"?>
<!-- Generated by org.testng.reporters.JUnitReportReporter -->
<testsuite hostname="DESKTOP-AUUJL9B" failures="0" tests="1" name="advanceSelenium.AdvanceSeleniumProject.GetTitleWithJS" time="7.968" errors="0" timestamp="2021-10-26T15:43:10 SGT" skipped="0">
  <testcase classname="advanceSelenium.AdvanceSeleniumProject.GetTitleWithJS" name="getTitleWithJS" time="7.968"/>
  <system-out/>
</testsuite> <!-- advanceSelenium.AdvanceSeleniumProject.GetTitleWithJS -->
