<?xml version="1.0" encoding="UTF-8"?>
<!-- Generated by org.testng.reporters.JUnitReportReporter -->
<testsuite hostname="DESKTOP-PQ0QNSP" failures="0" tests="2" name="advanceSelenium.AdvanceSeleniumProject.TestNGDependsOn" time="0.002" errors="0" timestamp="2021-09-17T17:13:44 SGT" skipped="0">
  <testcase classname="advanceSelenium.AdvanceSeleniumProject.TestNGDependsOn" name="homePage" time="0.001"/>
  <system-out/>
  <testcase classname="advanceSelenium.AdvanceSeleniumProject.TestNGDependsOn" name="loginTest" time="0.001"/>
  <system-out/>
</testsuite> <!-- advanceSelenium.AdvanceSeleniumProject.TestNGDependsOn -->
