<?xml version="1.0" encoding="UTF-8"?>
<!-- Generated by org.testng.reporters.JUnitReportReporter -->
<testsuite hostname="DESKTOP-AUUJL9B" failures="0" tests="1" name="advanceSelenium.AdvanceSeleniumProject.BasicAuthPopUpTest" time="5.739" errors="0" timestamp="2021-11-03T15:41:43 SGT" skipped="0">
  <testcase classname="advanceSelenium.AdvanceSeleniumProject.BasicAuthPopUpTest" name="method1" time="5.739"/>
  <system-out/>
</testsuite> <!-- advanceSelenium.AdvanceSeleniumProject.BasicAuthPopUpTest -->
