<?xml version="1.0" encoding="UTF-8"?>
<!-- Generated by org.testng.reporters.JUnitReportReporter -->
<testsuite hostname="DESKTOP-PQ0QNSP" failures="0" tests="2" name="advanceSelenium.AdvanceSeleniumProject.GoogleTest" time="15.041" errors="0" timestamp="2021-09-17T17:13:44 SGT" skipped="0">
  <testcase classname="advanceSelenium.AdvanceSeleniumProject.GoogleTest" name="googleTest" time="6.295"/>
  <system-out/>
  <testcase classname="advanceSelenium.AdvanceSeleniumProject.GoogleTest" name="googleSearchTest" time="8.746"/>
  <system-out/>
</testsuite> <!-- advanceSelenium.AdvanceSeleniumProject.GoogleTest -->
